<?xml version="1.0" encoding="UTF-8"?>
<!-- Generated by org.testng.reporters.JUnitReportReporter -->
<testsuite hostname="LAPTOP-QM2ELR2O" failures="0" tests="1" name="DevOpsLab.LabClass" time="18.563" errors="0" timestamp="2022-12-03T15:22:48 GMT" skipped="0">
  <testcase classname="DevOpsLab.LabClass" name="Search" time="18.563"/>
  <system-out/>
</testsuite> <!-- DevOpsLab.LabClass -->
