<?xml version="1.0" encoding="UTF-8"?>
<!-- Generated by org.testng.reporters.JUnitReportReporter -->
<testsuite hostname="LAPTOP-QM2ELR2O" failures="0" tests="1" name="Solution1.LabClass" time="12.329" errors="0" timestamp="2022-12-02T10:15:43 GMT" skipped="0">
  <testcase classname="Solution1.LabClass" name="Search" time="12.329"/>
  <system-out/>
</testsuite> <!-- Solution1.LabClass -->
