<?xml version="1.0" encoding="UTF-8"?>
<!-- Generated by org.testng.reporters.JUnitReportReporter -->
<testsuite hostname="LAPTOP-QM2ELR2O" failures="0" tests="1" name="DevOpsLab.LabClass1" time="8.705" errors="0" timestamp="2022-12-04T04:25:24 GMT" skipped="0">
  <testcase classname="DevOpsLab.LabClass1" name="Search" time="8.705"/>
  <system-out/>
</testsuite> <!-- DevOpsLab.LabClass1 -->
