<?xml version="1.0" encoding="UTF-8"?>
<!-- Generated by org.testng.reporters.JUnitReportReporter -->
<testsuite hostname="LAPTOP-QM2ELR2O" failures="0" tests="1" name="BrowserTest" time="11.626" errors="0" timestamp="2022-12-02T10:05:46 GMT" skipped="0">
  <testcase classname="BrowserTest" name="Search" time="11.626"/>
  <system-out/>
</testsuite> <!-- BrowserTest -->
