<?xml version="1.0" encoding="UTF-8"?>
<!-- Generated by org.testng.reporters.JUnitReportReporter -->
<testsuite hostname="LAPTOP-QM2ELR2O" failures="0" tests="1" name="BrowserTest" time="0.762" errors="0" timestamp="2022-11-16T05:43:59 GMT" skipped="0">
  <testcase classname="BrowserTest" name="Search" time="0.762"/>
  <system-out/>
</testsuite> <!-- BrowserTest -->
