<?xml version="1.0" encoding="UTF-8"?>
<!-- Generated by org.testng.reporters.JUnitReportReporter -->
<testsuite hostname="LAPTOP-QM2ELR2O" failures="0" tests="1" name="Solution1.solutionclass2" time="0.631" errors="0" timestamp="2022-11-21T16:23:53 GMT" skipped="0">
  <testcase classname="Solution1.solutionclass2" name="Search" time="0.631"/>
  <system-out/>
</testsuite> <!-- Solution1.solutionclass2 -->
