<?xml version="1.0" encoding="UTF-8"?>
<!-- Generated by org.testng.reporters.JUnitReportReporter -->
<testsuite hostname="LAPTOP-QM2ELR2O" failures="0" tests="1" name="Solution1.solutionclass" time="17.192" errors="0" timestamp="2022-12-02T10:08:11 GMT" skipped="0">
  <testcase classname="Solution1.solutionclass" name="Search" time="17.192"/>
  <system-out/>
</testsuite> <!-- Solution1.solutionclass -->
